<?xml version="1.0" encoding="UTF-8"?>
<coverage generated="1651659249823" clover="3.2.0">
  <project timestamp="1651659249823" name="All files">
    <metrics statements="16" coveredstatements="15" conditionals="4" coveredconditionals="3" methods="7" coveredmethods="7" elements="27" coveredelements="25" complexity="0" loc="16" ncloc="16" packages="1" files="4" classes="4"/>
    <file name="calculator.js" path="/home/christian/Jest_testing/calculator.js">
      <metrics statements="6" coveredstatements="6" conditionals="0" coveredconditionals="0" methods="4" coveredmethods="4"/>
      <line num="2" count="1" type="stmt"/>
      <line num="5" count="1" type="stmt"/>
      <line num="9" count="1" type="stmt"/>
      <line num="13" count="1" type="stmt"/>
      <line num="17" count="1" type="stmt"/>
      <line num="22" count="1" type="stmt"/>
    </file>
    <file name="capitalizestr.js" path="/home/christian/Jest_testing/capitalizestr.js">
      <metrics statements="4" coveredstatements="4" conditionals="0" coveredconditionals="0" methods="1" coveredmethods="1"/>
      <line num="4" count="1" type="stmt"/>
      <line num="5" count="1" type="stmt"/>
      <line num="6" count="1" type="stmt"/>
      <line num="12" count="1" type="stmt"/>
    </file>
    <file name="reverse.js" path="/home/christian/Jest_testing/reverse.js">
      <metrics statements="2" coveredstatements="2" conditionals="0" coveredconditionals="0" methods="1" coveredmethods="1"/>
      <line num="2" count="1" type="stmt"/>
      <line num="5" count="1" type="stmt"/>
    </file>
    <file name="tasks.js" path="/home/christian/Jest_testing/tasks.js">
      <metrics statements="4" coveredstatements="3" conditionals="4" coveredconditionals="3" methods="1" coveredmethods="1"/>
      <line num="3" count="1" type="cond" truecount="3" falsecount="1"/>
      <line num="4" count="1" type="stmt"/>
      <line num="6" count="0" type="stmt"/>
      <line num="9" count="1" type="stmt"/>
    </file>
  </project>
</coverage>
