{"/home/christian/Jest_testing/calculator.js": {"path":"/home/christian/Jest_testing/calculator.js","statementMap":{"0":{"start":{"line":2,"column":21},"end":{"line":19,"column":1}},"1":{"start":{"line":5,"column":4},"end":{"line":5,"column":23}},"2":{"start":{"line":9,"column":4},"end":{"line":9,"column":23}},"3":{"start":{"line":13,"column":4},"end":{"line":13,"column":23}},"4":{"start":{"line":17,"column":4},"end":{"line":17,"column":23}},"5":{"start":{"line":22,"column":0},"end":{"line":22,"column":30}}},"fnMap":{"0":{"name":"(anonymous_0)","decl":{"start":{"line":4,"column":2},"end":{"line":4,"column":3}},"loc":{"start":{"line":4,"column":18},"end":{"line":6,"column":3}},"line":4},"1":{"name":"(anonymous_1)","decl":{"start":{"line":8,"column":2},"end":{"line":8,"column":3}},"loc":{"start":{"line":8,"column":23},"end":{"line":10,"column":3}},"line":8},"2":{"name":"(anonymous_2)","decl":{"start":{"line":12,"column":2},"end":{"line":12,"column":3}},"loc":{"start":{"line":12,"column":21},"end":{"line":14,"column":3}},"line":12},"3":{"name":"(anonymous_3)","decl":{"start":{"line":16,"column":2},"end":{"line":16,"column":3}},"loc":{"start":{"line":16,"column":23},"end":{"line":18,"column":3}},"line":16}},"branchMap":{},"s":{"0":1,"1":1,"2":1,"3":1,"4":1,"5":1},"f":{"0":1,"1":1,"2":1,"3":1},"b":{},"_coverageSchema":"1a1c01bbd47fc00a2c39e90264f33305004495a9","hash":"cf56c7b7f97bff03a7dfe3cafbe4e81f72534e90"}
,"/home/christian/Jest_testing/capitalizestr.js": {"path":"/home/christian/Jest_testing/capitalizestr.js","statementMap":{"0":{"start":{"line":4,"column":18},"end":{"line":4,"column":20}},"1":{"start":{"line":5,"column":2},"end":{"line":8,"column":3}},"2":{"start":{"line":5,"column":14},"end":{"line":5,"column":15}},"3":{"start":{"line":6,"column":4},"end":{"line":6,"column":65}},"4":{"start":{"line":12,"column":0},"end":{"line":12,"column":34}}},"fnMap":{"0":{"name":"capitalizeString","decl":{"start":{"line":3,"column":9},"end":{"line":3,"column":25}},"loc":{"start":{"line":3,"column":31},"end":{"line":9,"column":1}},"line":3}},"branchMap":{},"s":{"0":1,"1":1,"2":1,"3":1,"4":1},"f":{"0":1},"b":{},"_coverageSchema":"1a1c01bbd47fc00a2c39e90264f33305004495a9","hash":"dda75d29a8c7327d09b75a89ceb7669db4ab865d"}
,"/home/christian/Jest_testing/reverse.js": {"path":"/home/christian/Jest_testing/reverse.js","statementMap":{"0":{"start":{"line":2,"column":2},"end":{"line":2,"column":43}},"1":{"start":{"line":5,"column":0},"end":{"line":5,"column":31}}},"fnMap":{"0":{"name":"reverseString","decl":{"start":{"line":1,"column":9},"end":{"line":1,"column":22}},"loc":{"start":{"line":1,"column":29},"end":{"line":3,"column":1}},"line":1}},"branchMap":{},"s":{"0":1,"1":1},"f":{"0":1},"b":{},"_coverageSchema":"1a1c01bbd47fc00a2c39e90264f33305004495a9","hash":"2b20e5fd616e67e166767d0381f488c4484ba182"}
,"/home/christian/Jest_testing/tasks.js": {"path":"/home/christian/Jest_testing/tasks.js","statementMap":{"0":{"start":{"line":3,"column":2},"end":{"line":5,"column":3}},"1":{"start":{"line":4,"column":4},"end":{"line":4,"column":16}},"2":{"start":{"line":6,"column":2},"end":{"line":6,"column":15}},"3":{"start":{"line":9,"column":0},"end":{"line":9,"column":30}}},"fnMap":{"0":{"name":"stringLength","decl":{"start":{"line":2,"column":9},"end":{"line":2,"column":21}},"loc":{"start":{"line":2,"column":27},"end":{"line":7,"column":1}},"line":2}},"branchMap":{"0":{"loc":{"start":{"line":3,"column":2},"end":{"line":5,"column":3}},"type":"if","locations":[{"start":{"line":3,"column":2},"end":{"line":5,"column":3}},{"start":{},"end":{}}],"line":3},"1":{"loc":{"start":{"line":3,"column":5},"end":{"line":3,"column":40}},"type":"binary-expr","locations":[{"start":{"line":3,"column":5},"end":{"line":3,"column":20}},{"start":{"line":3,"column":24},"end":{"line":3,"column":40}}],"line":3}},"s":{"0":1,"1":1,"2":0,"3":1},"f":{"0":1},"b":{"0":[1,0],"1":[1,1]},"_coverageSchema":"1a1c01bbd47fc00a2c39e90264f33305004495a9","hash":"e5f95f12720f91fc08ecd73d429ec740fe4ba8d6"}
}
